Traffic Direction is being changed to 0
Car 1 arrives traveling direction 0
Car 1 crossing bridge in direction 0
Car 3 arrives traveling direction 0
Car 3 crossing bridge in direction 0
Car 4 arrives traveling direction 0
Car 4 crossing bridge in direction 0
Car 1 exits in direction 0
Car 3 exits in direction 0
Car 4 exits in direction 0
Car 2 waits to travel in direction 1
Traffic Direction is being changed to 1
Car 2 arrives traveling direction 1
Car 2 crossing bridge in diCraerc t5i owna i1t
s to travel in direction 0
Car 6 waits to travel in direction 0
Car 2 exits in direction 1
Car 7 waits to travel in direction 1
Traffic Direction is being changed to 1
Car 7 arrives traveling direction 1
Car 7 crossing bridge in direction 1
Car 7 exits in direction 1
Car 8 waits to travel in direction 1
Traffic Direction is being changed to 1
Car 8 arrives traveling direction 1
Car 8 crossing bridge in direction 1
Car 8 exits in direction 1
Car 9 waits to travel in direction 1
Traffic Direction is being changed to 1
Car 9 arrives traveling direction 1
Car 9 crossing bridge in direction 1
Car 9 exits in direction 1
Car 10 waits to travel in direction 0
Traffic Direction is being changed to 0
Car 10 arrives traveling direction 0
Car 10 crossing bridge in direction 0
Car 10 exits in direction 0
Car 11 waits to travel in direction 1
Traffic Direction is being changed to 1
Car 11 arrives traveling direction 1
Car 11 crossing bridge in direction 1
Car 11 exits in direction 1
Car 12 waits to travel in direction 0
Traffic Direction is being changed to 0
Car 12 arrives traveling direction 0
Car 12 crossing bridge in direction 0
Car 12 exits in direction 0
Car 13 waits to travel in direction 0
Traffic Direction is being changed to 0
Car 13 arrives traveling direction 0
Car 13 crossing bridge in direction 0
Car 13 exits in direction 0
Car 14 waits to travel in direction 1
Traffic Direction is being changed to 1
Car 14 arrives traveling direction 1
Car 14 crossing bridge in direction 1
Car 14 exits in direction 1
Car 15 waits to travel in direction 0
Traffic Direction is being changed to 0
Car 15 arrives traveling direction 0
Car 15 crossing bridge in direction 0
Car 15 exits in direction 0
Car 16 waits to travel in direction 1
Traffic Direction is being changed to 1
Car 16 arrives traveling direction 1
Car 16 crossing bridge in direction 1
Car 16 exits in direction 1
Car 17 waits to travel in direction 1
Traffic Direction is being changed to 1
Car 17 arrives traveling direction 1
Car 17 crossing bridge in direction 1
Car 17 exits in direction 1
Car 18 waits to travel in direction 1
Traffic Direction is being changed to 1
Car 18 arrives traveling direction 1
Car 18 crossing bridge in direction 1
Car 18 exits in direction 1
Car 19 waits to travel in direction 0
Traffic Direction is being changed to 0
Car 19 arrives traveling direction 0
Car 19 crossing bridge in direction 0
Car 19 exits in direction 0
Car 20 waits to travel in direction 1
Traffic Direction is being changed to 1
Car 20 arrives traveling direction 1
Car 20 crossing bridge in direction 1
Car 20 exits in direction 1
Car 5 waits to travel in direction 0
Traffic Direction is being changed to 0
Car 5 arrives traveling direction 0
Car 5 crossing bridge in direction 0
Car 5 exits in direction 0
Car 6 waits to travel in direction 0
Traffic Direction is being changed to 0
Car 6 arrives traveling direction 0
Car 6 crossing bridge in direction 0
Car 6 exits in direction 0
